<?xml version="1.0" encoding="UTF-8"?>
<!-- Generated by org.testng.reporters.JUnitReportReporter -->
<testsuite hostname="ind0003854" name="com.madhub.demo.codingTest.TC1_GetServiceTest2" tests="1" failures="0" timestamp="3 May 2019 13:12:13 GMT" time="3.283" errors="0">
  <testcase name="GETServiceTest" time="3.283" classname="com.madhub.demo.codingTest.TC1_GetServiceTest2"/>
</testsuite> <!-- com.madhub.demo.codingTest.TC1_GetServiceTest2 -->
