<?xml version="1.0" encoding="UTF-8"?>
<!-- Generated by org.testng.reporters.JUnitReportReporter -->
<testsuite hostname="ind0003854" name="com.madhub.demo.codingTest.TC2_GetServiceTestSingleRecord" tests="1" failures="0" timestamp="4 May 2019 20:45:02 GMT" time="0.203" errors="0">
  <testcase name="GETServiceTestSingleRecord" time="0.203" classname="com.madhub.demo.codingTest.TC2_GetServiceTestSingleRecord"/>
</testsuite> <!-- com.madhub.demo.codingTest.TC2_GetServiceTestSingleRecord -->
