<?xml version="1.0" encoding="UTF-8"?>
<!-- Generated by org.testng.reporters.JUnitReportReporter -->
<testsuite hostname="ind0003854" name="com.madhub.demo.codingTest.TC2_GetServiceTestSingleRecord" tests="1" failures="0" timestamp="2 May 2019 19:00:08 GMT" time="2.796" errors="0">
  <testcase name="GETServiceTestSingleRecord" time="2.796" classname="com.madhub.demo.codingTest.TC2_GetServiceTestSingleRecord"/>
</testsuite> <!-- com.madhub.demo.codingTest.TC2_GetServiceTestSingleRecord -->
