<?xml version="1.0" encoding="UTF-8"?>
<!-- Generated by org.testng.reporters.JUnitReportReporter -->
<testsuite hostname="ind0003854" name="com.madhub.demo.codingTest.TC3_GetServiceInvalidResource" tests="1" failures="0" timestamp="2 May 2019 19:26:40 GMT" time="2.286" errors="0">
  <testcase name="GETServiceWithInvalidResource" time="2.286" classname="com.madhub.demo.codingTest.TC3_GetServiceInvalidResource"/>
</testsuite> <!-- com.madhub.demo.codingTest.TC3_GetServiceInvalidResource -->
