<?xml version="1.0" encoding="UTF-8"?>
<!-- Generated by org.testng.reporters.JUnitReportReporter -->
<testsuite hostname="ind0003854" name="com.madhub.demo.codingTest.TC1_GetServiceTest" tests="1" failures="0" timestamp="1 May 2019 17:01:22 GMT" time="2.659" errors="0">
  <testcase name="testGetService" time="2.659" classname="com.madhub.demo.codingTest.TC1_GetServiceTest"/>
</testsuite> <!-- com.madhub.demo.codingTest.TC1_GetServiceTest -->
