<?xml version="1.0" encoding="UTF-8"?>
<!-- Generated by org.testng.reporters.JUnitReportReporter -->
<testsuite hostname="ind0003854" name="com.madhub.demo.codingTest.TC7_GetServiceLowerBoundaryCase" tests="1" failures="0" timestamp="4 May 2019 21:02:42 GMT" time="0.152" errors="0">
  <testcase name="GetServiceLowerBoundaryCase" time="0.152" classname="com.madhub.demo.codingTest.TC7_GetServiceLowerBoundaryCase"/>
</testsuite> <!-- com.madhub.demo.codingTest.TC7_GetServiceLowerBoundaryCase -->
