<?xml version="1.0" encoding="UTF-8"?>
<!-- Generated by org.testng.reporters.JUnitReportReporter -->
<testsuite hostname="ind0003854" name="com.madhub.demo.codingTest.TC1_GetServiceTest" tests="1" failures="0" timestamp="4 May 2019 20:32:43 GMT" time="2.693" errors="0">
  <testcase name="GETServiceTest" time="2.693" classname="com.madhub.demo.codingTest.TC1_GetServiceTest"/>
</testsuite> <!-- com.madhub.demo.codingTest.TC1_GetServiceTest -->
