<?xml version="1.0" encoding="UTF-8"?>
<!-- Generated by org.testng.reporters.JUnitReportReporter -->
<testsuite hostname="ind0003854" name="com.madhub.demo.codingTest.TC6_DeleteServiceTest" tests="1" failures="1" timestamp="4 May 2019 20:45:02 GMT" time="0.543" errors="0">
  <testcase name="DeleteServiceTest" time="0.543" classname="com.madhub.demo.codingTest.TC6_DeleteServiceTest">
    <failure type="junit.framework.AssertionFailedError" message="[Validating Json Schema]: Json Schema validation failed. 
1 expectation failed.
Response body doesn&#039;t match expectation.
Expected: The content to match the given JSON schema.
warning: the following keywords are unknown and will be ignored: [$id]
    level: &quot;warning&quot;
    schema: {&quot;loadingURI&quot;:&quot;file:/C:/Users/basavma/RestAssuredDemo/target/classes/JsonSchemaSingleRecord.json#&quot;,&quot;pointer&quot;:&quot;&quot;}
    domain: &quot;syntax&quot;
    ignored: [&quot;$id&quot;]
warning: the following keywords are unknown and will be ignored: [$id, examples]
    level: &quot;warning&quot;
    schema: {&quot;loadingURI&quot;:&quot;file:/C:/Users/basavma/RestAssuredDemo/target/classes/JsonSchemaSingleRecord.json#&quot;,&quot;pointer&quot;:&quot;/properties/body&quot;}
    domain: &quot;syntax&quot;
    ignored: [&quot;$id&quot;,&quot;examples&quot;]
warning: the following keywords are unknown and will be ignored: [$id, examples]
    level: &quot;warning&quot;
    schema: {&quot;loadingURI&quot;:&quot;file:/C:/Users/basavma/RestAssuredDemo/target/classes/JsonSchemaSingleRecord.json#&quot;,&quot;pointer&quot;:&quot;/properties/id&quot;}
    domain: &quot;syntax&quot;
    ignored: [&quot;$id&quot;,&quot;examples&quot;]
warning: the following keywords are unknown and will be ignored: [$id, examples]
    level: &quot;warning&quot;
    schema: {&quot;loadingURI&quot;:&quot;file:/C:/Users/basavma/RestAssuredDemo/target/classes/JsonSchemaSingleRecord.json#&quot;,&quot;pointer&quot;:&quot;/properties/title&quot;}
    domain: &quot;syntax&quot;
    ignored: [&quot;$id&quot;,&quot;examples&quot;]
warning: the following keywords are unknown and will be ignored: [$id, examples]
    level: &quot;warning&quot;
    schema: {&quot;loadingURI&quot;:&quot;file:/C:/Users/basavma/RestAssuredDemo/target/classes/JsonSchemaSingleRecord.json#&quot;,&quot;pointer&quot;:&quot;/properties/userId&quot;}
    domain: &quot;syntax&quot;
    ignored: [&quot;$id&quot;,&quot;examples&quot;]
error: object has missing required properties ([&quot;body&quot;,&quot;id&quot;,&quot;title&quot;,&quot;userId&quot;])
    level: &quot;error&quot;
    schema: {&quot;loadingURI&quot;:&quot;file:/C:/Users/basavma/RestAssuredDemo/target/classes/JsonSchemaSingleRecord.json#&quot;,&quot;pointer&quot;:&quot;&quot;}
    instance: {&quot;pointer&quot;:&quot;&quot;}
    domain: &quot;validation&quot;
    keyword: &quot;required&quot;
    required: [&quot;body&quot;,&quot;id&quot;,&quot;title&quot;,&quot;userId&quot;]
    missing: [&quot;body&quot;,&quot;id&quot;,&quot;title&quot;,&quot;userId&quot;]

  Actual: {}
">
      <![CDATA[junit.framework.AssertionFailedError: [Validating Json Schema]: Json Schema validation failed. 
1 expectation failed.
Response body doesn't match expectation.
Expected: The content to match the given JSON schema.
warning: the following keywords are unknown and will be ignored: [$id]
    level: "warning"
    schema: {"loadingURI":"file:/C:/Users/basavma/RestAssuredDemo/target/classes/JsonSchemaSingleRecord.json#","pointer":""}
    domain: "syntax"
    ignored: ["$id"]
warning: the following keywords are unknown and will be ignored: [$id, examples]
    level: "warning"
    schema: {"loadingURI":"file:/C:/Users/basavma/RestAssuredDemo/target/classes/JsonSchemaSingleRecord.json#","pointer":"/properties/body"}
    domain: "syntax"
    ignored: ["$id","examples"]
warning: the following keywords are unknown and will be ignored: [$id, examples]
    level: "warning"
    schema: {"loadingURI":"file:/C:/Users/basavma/RestAssuredDemo/target/classes/JsonSchemaSingleRecord.json#","pointer":"/properties/id"}
    domain: "syntax"
    ignored: ["$id","examples"]
warning: the following keywords are unknown and will be ignored: [$id, examples]
    level: "warning"
    schema: {"loadingURI":"file:/C:/Users/basavma/RestAssuredDemo/target/classes/JsonSchemaSingleRecord.json#","pointer":"/properties/title"}
    domain: "syntax"
    ignored: ["$id","examples"]
warning: the following keywords are unknown and will be ignored: [$id, examples]
    level: "warning"
    schema: {"loadingURI":"file:/C:/Users/basavma/RestAssuredDemo/target/classes/JsonSchemaSingleRecord.json#","pointer":"/properties/userId"}
    domain: "syntax"
    ignored: ["$id","examples"]
error: object has missing required properties (["body","id","title","userId"])
    level: "error"
    schema: {"loadingURI":"file:/C:/Users/basavma/RestAssuredDemo/target/classes/JsonSchemaSingleRecord.json#","pointer":""}
    instance: {"pointer":""}
    domain: "validation"
    keyword: "required"
    required: ["body","id","title","userId"]
    missing: ["body","id","title","userId"]

  Actual: {}

	at junit.framework.Assert.fail(Assert.java:50)
	at core.ResponseValidators.validateGetResponse(ResponseValidators.java:127)
	at com.madhub.demo.codingTest.TC6_DeleteServiceTest.DeleteServiceTest(TC6_DeleteServiceTest.java:68)
	at sun.reflect.NativeMethodAccessorImpl.invoke0(Native Method)
	at sun.reflect.NativeMethodAccessorImpl.invoke(Unknown Source)
	at sun.reflect.DelegatingMethodAccessorImpl.invoke(Unknown Source)
	at java.lang.reflect.Method.invoke(Unknown Source)
	at org.testng.internal.MethodInvocationHelper.invokeMethod(MethodInvocationHelper.java:86)
	at org.testng.internal.Invoker.invokeMethod(Invoker.java:645)
	at org.testng.internal.Invoker.invokeTestMethod(Invoker.java:822)
	at org.testng.internal.Invoker.invokeTestMethods(Invoker.java:1130)
	at org.testng.internal.TestMethodWorker.invokeTestMethods(TestMethodWorker.java:129)
	at org.testng.internal.TestMethodWorker.run(TestMethodWorker.java:112)
	at org.testng.TestRunner.privateRun(TestRunner.java:782)
	at org.testng.TestRunner.run(TestRunner.java:632)
	at org.testng.SuiteRunner.runTest(SuiteRunner.java:366)
	at org.testng.SuiteRunner.runSequentially(SuiteRunner.java:361)
	at org.testng.SuiteRunner.privateRun(SuiteRunner.java:319)
	at org.testng.SuiteRunner.run(SuiteRunner.java:268)
	at org.testng.SuiteRunnerWorker.runSuite(SuiteRunnerWorker.java:52)
	at org.testng.SuiteRunnerWorker.run(SuiteRunnerWorker.java:86)
	at org.testng.TestNG.runSuitesSequentially(TestNG.java:1244)
	at org.testng.TestNG.runSuitesLocally(TestNG.java:1169)
	at org.testng.TestNG.run(TestNG.java:1064)
	at org.testng.remote.RemoteTestNG.run(RemoteTestNG.java:113)
	at org.testng.remote.RemoteTestNG.initAndRun(RemoteTestNG.java:206)
	at org.testng.remote.RemoteTestNG.main(RemoteTestNG.java:177)
]]>
    </failure>
  </testcase> <!-- DeleteServiceTest -->
</testsuite> <!-- com.madhub.demo.codingTest.TC6_DeleteServiceTest -->
