<?xml version="1.0" encoding="UTF-8"?>
<!-- Generated by org.testng.reporters.JUnitReportReporter -->
<testsuite hostname="ind0003854" name="com.madhub.demo.codingTest.TC8_GetServiceUpperBoundaryCase" tests="1" failures="0" timestamp="4 May 2019 20:45:02 GMT" time="0.210" errors="0">
  <testcase name="GetServiceUpperBoundaryCase" time="0.210" classname="com.madhub.demo.codingTest.TC8_GetServiceUpperBoundaryCase"/>
</testsuite> <!-- com.madhub.demo.codingTest.TC8_GetServiceUpperBoundaryCase -->
