<?xml version="1.0" encoding="UTF-8"?>
<!-- Generated by org.testng.reporters.JUnitReportReporter -->
<testsuite hostname="ind0003854" name="com.madhub.demo.codingTest.TC3_GetServiceInvalidResource" tests="1" failures="0" timestamp="4 May 2019 20:32:43 GMT" time="0.200" errors="0">
  <testcase name="GETServiceWithInvalidResource" time="0.200" classname="com.madhub.demo.codingTest.TC3_GetServiceInvalidResource"/>
</testsuite> <!-- com.madhub.demo.codingTest.TC3_GetServiceInvalidResource -->
